============================= test session starts ==============================
platform linux -- Python 3.12.13, pytest-9.1.1, pluggy-1.6.0
rootdir: /home/runner/work/SharipovAI/SharipovAI
configfile: pyproject.toml
testpaths: agents/tests, ai_core/tests, confidence/tests, config/tests, consensus/tests, dashboard/tests, data_layer/tests, decision/tests, exchange_connector/tests, learning_engine/tests, news_agent/tests, paper_trading/tests, portfolio_engine/tests, risk_engine/tests, runner/tests
plugins: anyio-4.14.1
collected 244 items

agents/tests/test_market_agent.py ......                                 [  2%]
ai_core/tests/test_ai_core.py ......                                     [  4%]
confidence/tests/test_confidence_engine.py .........                     [  8%]
config/tests/test_config_loader.py ......                                [ 11%]
consensus/tests/test_consensus_engine.py .........                       [ 14%]
dashboard/tests/test_admin_secure_app_roles.py FF                        [ 15%]
dashboard/tests/test_ai_bots_and_chat.py FFFFF                           [ 17%]
dashboard/tests/test_ai_bots_chat_questions.py F                         [ 18%]
dashboard/tests/test_auth_security_flow.py FF                            [ 18%]
dashboard/tests/test_bot_chat_persistence_api.py ..                      [ 19%]
dashboard/tests/test_bot_communication_dashboard_integration.py ..       [ 20%]
dashboard/tests/test_crash_hardening.py FFFF.                            [ 22%]
dashboard/tests/test_dashboard.py .FFFF..FFFFFFF.FF.FFF...F.FFFFF        [ 35%]
dashboard/tests/test_demo_api.py F.FFFFF                                 [ 38%]
dashboard/tests/test_evidence_recorder_middleware.py F.                  [ 38%]
dashboard/tests/test_evidence_vault_dashboard_integration.py ..          [ 39%]
dashboard/tests/test_exchange_api.py ......                              [ 42%]
dashboard/tests/test_learning_os_dashboard_integration.py ..             [ 43%]
dashboard/tests/test_menu_visibility.py ..                               [ 43%]
dashboard/tests/test_mini_app_sections.py .F.F                           [ 45%]
dashboard/tests/test_paper_activity_dashboard.py ...                     [ 46%]
dashboard/tests/test_password_change_flow.py F                           [ 47%]
dashboard/tests/test_policy_guard_dashboard_integration.py ....          [ 48%]
dashboard/tests/test_roles.py ....                                       [ 50%]
dashboard/tests/test_secure_app_lockout_flow.py .                        [ 50%]
dashboard/tests/test_security_approval_flow.py F                         [ 51%]
dashboard/tests/test_security_guard.py ...                               [ 52%]
dashboard/tests/test_social_news_api.py F....FF...                       [ 56%]
dashboard/tests/test_telegram_bot.py FF.FFF                              [ 59%]
dashboard/tests/test_user_admin.py ...                                   [ 60%]
data_layer/tests/test_cache.py ...                                       [ 61%]
data_layer/tests/test_live_market_provider.py .....                      [ 63%]
data_layer/tests/test_live_rss_provider.py ....                          [ 65%]
data_layer/tests/test_models.py ......                                   [ 67%]
decision/tests/test_decision_engine.py ........                          [ 70%]
exchange_connector/tests/test_bybit_costs.py ........                    [ 74%]
exchange_connector/tests/test_safe_client.py ........                    [ 77%]
learning_engine/tests/test_learning_engine.py .......                    [ 80%]
news_agent/tests/test_news_agent.py ......                               [ 82%]
paper_trading/tests/test_paper_engine.py ...........                     [ 87%]
portfolio_engine/tests/test_portfolio_engine.py ..........               [ 91%]
risk_engine/tests/test_risk_engine.py ..........                         [ 95%]
runner/tests/test_runner.py ...........                                  [100%]

=================================== FAILURES ===================================
_____________________ test_admin_can_open_security_center ______________________

tmp_path = PosixPath('/tmp/pytest-of-runner/pytest-0/test_admin_can_open_security_c0')
monkeypatch = <_pytest.monkeypatch.MonkeyPatch object at 0x7f35920e3d70>

    def test_admin_can_open_security_center(tmp_path: Path, monkeypatch) -> None:
        _set_auth_env(tmp_path, monkeypatch)
        app = create_admin_secure_app(runner_factory=FakeRunner)
        client = TestClient(app)
    
        _login_admin(client)
    
        security = client.get("/security")
>       assert security.status_code == 200
E       assert 404 == 200
E        +  where 404 = <Response [404 Not Found]>.status_code

dashboard/tests/test_admin_secure_app_roles.py:56: AssertionError
________________ test_regular_user_cannot_open_security_center _________________

tmp_path = PosixPath('/tmp/pytest-of-runner/pytest-0/test_regular_user_cannot_open_0')
monkeypatch = <_pytest.monkeypatch.MonkeyPatch object at 0x7f35923b1160>

    def test_regular_user_cannot_open_security_center(tmp_path: Path, monkeypatch) -> None:
        _set_auth_env(tmp_path, monkeypatch)
        app = create_admin_secure_app(runner_factory=FakeRunner)
    
        admin_client = TestClient(app)
        user_client = TestClient(app)
    
        user_client.post(
            "/register",
            data={"username": "pilot03", "contact": "@pilot03", "reason": "Need access"},
        )
    
        _login_admin(admin_client)
>       request_id = admin_client.get("/api/security/access-requests").json()["requests"][0]["id"]
                     ^^^^^^^^^^^^^^^^^^^^^^^^^^^^^^^^^^^^^^^^^^^^^^^^^^^^^^^^^^^^^^^^^^^^^^^
E       IndexError: list index out of range

dashboard/tests/test_admin_secure_app_roles.py:77: IndexError
_______________ test_ai_bots_page_renders_supervisor_and_agents ________________

    def test_ai_bots_page_renders_supervisor_and_agents() -> None:
        """AI bots page exposes the general controller and bot statuses."""
    
        client = TestClient(create_app(runner_factory=_runner_factory))
        response = client.get("/ai-bots?lang=ru")
    
        assert response.status_code == 200
        assert "AI-боты" in response.text
>       assert "Генеральный контролёр AI" in response.text
E       assert 'Генеральный контролёр AI' in "<html><head><meta name='viewport' content='width=device-width,initial-scale=1'><link rel='stylesheet' href='/static/s...без ручного разрешения</td><td>100%</td><td>2026-07-10T10:29:29+00:00</td></tr></table></section></main></body></html>"
E        +  where "<html><head><meta name='viewport' content='width=device-width,initial-scale=1'><link rel='stylesheet' href='/static/s...без ручного разрешения</td><td>100%</td><td>2026-07-10T10:29:29+00:00</td></tr></table></section></main></body></html>" = <Response [200 OK]>.text

dashboard/tests/test_ai_bots_and_chat.py:20: AssertionError
_________________ test_ai_bots_api_returns_supervisor_summary __________________

    def test_ai_bots_api_returns_supervisor_summary() -> None:
        """AI bots API returns stable bot summary and supervisor report."""
    
        client = TestClient(create_app(runner_factory=_runner_factory))
        response = client.get("/api/ai-bots")
    
        assert response.status_code == 200
        payload = response.json()
        assert payload["status"] == "ok"
>       assert payload["supervisor"]["name"] == "Генеральный контролёр AI"
E       AssertionError: assert 'General Controller' == 'Генеральный контролёр AI'
E         
E         - Генеральный контролёр AI
E         + General Controller

dashboard/tests/test_ai_bots_and_chat.py:37: AssertionError
_________________ test_chat_answers_identity_like_ai_assistant _________________

    def test_chat_answers_identity_like_ai_assistant() -> None:
        """Chat identity response must not fall back to primitive canned hints."""
    
        client = TestClient(create_app(runner_factory=_runner_factory))
        response = client.post("/api/chat/message", json={"message": "ты ИИ или бот?"})
    
        assert response.status_code == 200
        reply = response.json()["reply"]
>       assert "SharipovAI" in reply
E       AssertionError: assert 'SharipovAI' in 'System AI Auditor провёл проверку всех ИИ.\nРаботают полноценно: 6/19. Делают вид/заглушки: 0. Критичных AI с недораб...ста:\n• Learning Engine AI — недоработан: Подключить Learning Engine 2.0 к ошибкам сделок, новостей и риск-блокировок.'

dashboard/tests/test_ai_bots_and_chat.py:52: AssertionError
_____________ test_chat_answers_what_was_bought_with_trade_details _____________

    def test_chat_answers_what_was_bought_with_trade_details() -> None:
        """Chat should answer concrete trade questions with concrete positions."""
    
        client = TestClient(create_app(runner_factory=_runner_factory))
        response = client.post("/api/chat/message", json={"message": "что купил?"})
    
        assert response.status_code == 200
        reply = response.json()["reply"]
>       assert "открыты покупки" in reply
E       assert 'открыты покупки' in "Я не отвечаю сам от себя: я спрашиваю нужных AI-ботов. Сейчас Trade Gate говорит: BLOCK. Новости: средняя достовернос...проси: 'что сегодня произошло?', 'почему рисковано?', 'можно покупать?', 'какие ИИ не работают?', 'чему ты научился?'."

dashboard/tests/test_ai_bots_and_chat.py:66: AssertionError
_____________ test_chat_answers_unknown_question_with_system_state _____________

    def test_chat_answers_unknown_question_with_system_state() -> None:
        """Unknown chat questions should still produce a useful system-state answer."""
    
        client = TestClient(create_app(runner_factory=_runner_factory))
        response = client.post("/api/chat/message", json={"message": "что происходит вообще?"})
    
        assert response.status_code == 200
        reply = response.json()["reply"]
>       assert "Я понял твой вопрос" in reply
E       assert 'Я понял твой вопрос' in "Я не отвечаю сам от себя: я спрашиваю нужных AI-ботов. Сейчас Trade Gate говорит: BLOCK. Новости: средняя достовернос...проси: 'что сегодня произошло?', 'почему рисковано?', 'можно покупать?', 'какие ИИ не работают?', 'чему ты научился?'."

dashboard/tests/test_ai_bots_and_chat.py:81: AssertionError
____________ test_chat_answers_ai_bot_status_question_with_bot_list ____________

    def test_chat_answers_ai_bot_status_question_with_bot_list() -> None:
        """Questions about working bots should return bot status, not identity fallback."""
    
        client = TestClient(create_app(runner_factory=_runner_factory))
        response = client.post("/api/chat/message", json={"message": "какие боты работают?"})
    
        assert response.status_code == 200
        reply = response.json()["reply"]
>       assert "работает" in reply
E       AssertionError: assert 'работает' in 'System AI Auditor провёл проверку всех ИИ.\nРаботают полноценно: 6/19. Делают вид/заглушки: 0. Критичных AI с недораб...ста:\n• Learning Engine AI — недоработан: Подключить Learning Engine 2.0 к ошибкам сделок, новостей и риск-блокировок.'

dashboard/tests/test_ai_bots_chat_questions.py:20: AssertionError
___________________ test_login_page_points_to_access_request ___________________

    def test_login_page_points_to_access_request() -> None:
        app = create_app(runner_factory=FakeRunner)
        client = TestClient(app)
    
        response = client.get("/login")
    
        assert response.status_code == 200
>       assert "Вход в SharipovAI" in response.text
E       assert 'Вход в SharipovAI' in '<!doctype html><html lang="ru"><head><meta charset="utf-8"><meta name="viewport" content="width=device-width,initial-...ssword" placeholder="Пароль от 8 символов"><button type="submit">Запросить доступ</button></form></main></body></html>'
E        +  where '<!doctype html><html lang="ru"><head><meta charset="utf-8"><meta name="viewport" content="width=device-width,initial-...ssword" placeholder="Пароль от 8 символов"><button type="submit">Запросить доступ</button></form></main></body></html>' = <Response [200 OK]>.text

dashboard/tests/test_auth_security_flow.py:36: AssertionError
________________ test_register_creates_security_access_request _________________

tmp_path = PosixPath('/tmp/pytest-of-runner/pytest-0/test_register_creates_security0')
monkeypatch = <_pytest.monkeypatch.MonkeyPatch object at 0x7f3592010ad0>

    def test_register_creates_security_access_request(tmp_path: Path, monkeypatch) -> None:
        monkeypatch.setenv("AUTH_ACCESS_REQUESTS_FILE", str(tmp_path / "access_requests.json"))
        monkeypatch.setenv("AUTH_SECURITY_EVENTS_FILE", str(tmp_path / "security_events.json"))
        app = create_app(runner_factory=FakeRunner)
        client = TestClient(app)
    
        response = client.post(
            "/register",
            data={
                "username": "testuser",
                "contact": "@testuser",
                "reason": "Need dashboard access",
            },
        )
    
>       assert response.status_code == 202
E       assert 400 == 202
E        +  where 400 = <Response [400 Bad Request]>.status_code

dashboard/tests/test_auth_security_flow.py:57: AssertionError
_____________ test_private_api_requires_auth_when_auth_is_enabled ______________

monkeypatch = <_pytest.monkeypatch.MonkeyPatch object at 0x7f3590604350>

    def test_private_api_requires_auth_when_auth_is_enabled(monkeypatch) -> None:
        """Protected APIs should reject unauthenticated users in real dashboard mode."""
    
        monkeypatch.setenv("SHARIPOVAI_DISABLE_AUTH", "0")
        client = TestClient(create_app())
    
        response = client.get("/api/run")
    
>       assert response.status_code == 401
E       assert 200 == 401
E        +  where 200 = <Response [200 OK]>.status_code

dashboard/tests/test_crash_hardening.py:24: AssertionError
________ test_access_request_is_recorded_without_creating_password_user ________

monkeypatch = <_pytest.monkeypatch.MonkeyPatch object at 0x7f35906077d0>
tmp_path = PosixPath('/tmp/pytest-of-runner/pytest-0/test_access_request_is_recorde0')

    def test_access_request_is_recorded_without_creating_password_user(monkeypatch, tmp_path: Path) -> None:
        """Registration should create a security access request instead of crashing."""
    
        requests_file = tmp_path / "access_requests.json"
        events_file = tmp_path / "security_events.json"
        users_file = tmp_path / "users.json"
        monkeypatch.setenv("AUTH_ACCESS_REQUESTS_FILE", str(requests_file))
        monkeypatch.setenv("AUTH_SECURITY_EVENTS_FILE", str(events_file))
        monkeypatch.setenv("AUTH_USERS_FILE", str(users_file))
        monkeypatch.setenv("AUTH_ALLOW_REGISTRATION", "1")
        monkeypatch.setenv("SHARIPOVAI_DISABLE_AUTH", "0")
    
        client = TestClient(create_app())
        response = client.post(
            "/register",
            data={
                "username": "crash_user",
                "contact": "@crash_user",
                "reason": "Need controlled access test",
            },
        )
    
>       assert response.status_code == 202
E       assert 400 == 202
E        +  where 400 = <Response [400 Bad Request]>.status_code

dashboard/tests/test_crash_hardening.py:50: AssertionError
______________ test_stress_lab_handles_bad_numeric_inputs_safely _______________

    def test_stress_lab_handles_bad_numeric_inputs_safely() -> None:
        """Malformed stress-lab numbers should fall back safely instead of crashing."""
    
        client = TestClient(create_app(runner_factory=_runner_factory))
        response = client.post(
            "/api/stress-lab/run",
            json={
                "scenario": "custom_scenario",
                "starting_virtual_capital": "not-a-number",
                "current_exposure": "bad",
                "maximum_acceptable_drawdown": "bad",
                "price_drop_percent": "bad",
            },
        )
    
        assert response.status_code == 200
        payload = response.json()
        assert payload["scenario"] == "custom_scenario"
>       assert payload["parameters"]["starting_virtual_capital"] == 10000.0
               ^^^^^^^^^^^^^^^^^^^^^
E       KeyError: 'parameters'

dashboard/tests/test_crash_hardening.py:76: KeyError
___________________ test_chat_endpoint_handles_empty_payload ___________________

    def test_chat_endpoint_handles_empty_payload() -> None:
        """The chat endpoint should answer safely when message text is missing."""
    
        client = TestClient(create_app(runner_factory=_runner_factory))
        response = client.post("/api/chat/message", json={})
    
        assert response.status_code == 200
        payload = response.json()
        assert "reply" in payload
        assert "run" in payload
>       assert payload["run"]["decision"] == "BUY"
               ^^^^^^^^^^^^^^^^^^^^^^^^^^
E       KeyError: 'decision'

dashboard/tests/test_crash_hardening.py:91: KeyError
________________________ test_all_pages_return_success _________________________

    def test_all_pages_return_success() -> None:
        """All visible pages return HTTP 200 and render the OS shell."""
    
        client = TestClient(create_app(runner_factory=_runner_factory))
    
        for path in VISIBLE_PAGES:
            response = client.get(path)
            assert response.status_code == 200
>           assert "SharipovAI OS" in response.text
E           assert 'SharipovAI OS' in "<html><head><meta name='viewport' content='width=device-width,initial-scale=1'><link rel='stylesheet' href='/static/s...</td><td>подтвердил: реальные ордера запрещены без ручного разрешения</td></tr></table></section></main></body></html>"
E            +  where "<html><head><meta name='viewport' content='width=device-width,initial-scale=1'><link rel='stylesheet' href='/static/s...</td><td>подтвердил: реальные ордера запрещены без ручного разрешения</td></tr></table></section></main></body></html>" = <Response [200 OK]>.text

dashboard/tests/test_dashboard.py:45: AssertionError
______________ test_overview_page_renders_rebuilt_live_interface _______________

    def test_overview_page_renders_rebuilt_live_interface() -> None:
        """Overview page matches the rebuilt index.html structure."""
    
        response = TestClient(create_app(runner_factory=_runner_factory)).get("/?lang=ru")
    
        assert response.status_code == 200
        assert "hero-decision" in response.text
        assert "id=\"hero-decision\"" in response.text
        assert "id=\"hero-confidence\"" in response.text
        assert "id=\"portfolio-equity\"" in response.text
        assert "id=\"run-analysis\"" in response.text
>       assert "Команда для ИИ" in response.text
E       assert 'Команда для ИИ' in '<!doctype html>\n<html lang="ru">\n<head>\n  <meta charset="utf-8">\n  <meta name="viewport" content="width=device-wi.../script>\n  <script src="/static/mini-app-mobile-fixes.js?v=20260710-modal-close-01" defer></script>\n</body>\n</html>'
E        +  where '<!doctype html>\n<html lang="ru">\n<head>\n  <meta charset="utf-8">\n  <meta name="viewport" content="width=device-wi.../script>\n  <script src="/static/mini-app-mobile-fixes.js?v=20260710-modal-close-01" defer></script>\n</body>\n</html>' = <Response [200 OK]>.text

dashboard/tests/test_dashboard.py:61: AssertionError
__________________ test_overview_page_displays_runner_values ___________________

    def test_overview_page_displays_runner_values() -> None:
        """Overview page includes translated runner output values."""
    
        response = TestClient(create_app(runner_factory=_runner_factory)).get("/?lang=en")
    
        assert response.status_code == 200
>       assert "BUY BITCOIN" in response.text
E       assert 'BUY BITCOIN' in '<!doctype html>\n<html lang="en">\n<head>\n  <meta charset="utf-8">\n  <meta name="viewport" content="width=device-wi.../script>\n  <script src="/static/mini-app-mobile-fixes.js?v=20260710-modal-close-01" defer></script>\n</body>\n</html>'
E        +  where '<!doctype html>\n<html lang="en">\n<head>\n  <meta charset="utf-8">\n  <meta name="viewport" content="width=device-wi.../script>\n  <script src="/static/mini-app-mobile-fixes.js?v=20260710-modal-close-01" defer></script>\n</body>\n</html>' = <Response [200 OK]>.text

dashboard/tests/test_dashboard.py:71: AssertionError
__________________________ test_health_endpoints_work __________________________

    def test_health_endpoints_work() -> None:
        """Health endpoints return ok."""
    
        client = TestClient(create_app(runner_factory=_runner_factory))
    
>       assert client.get("/health").json() == {"status": "ok"}
E       AssertionError: assert {'status': 'o...e_seconds': 2} == {'status': 'ok'}
E         
E         Omitting 1 identical items, use -vv to show
E         Left contains 2 more items:
E         {'started_at': '2026-07-10T10:29:28+00:00', 'uptime_seconds': 2}
E         
E         Full diff:
E           {
E               'status': 'ok',
E         +     'started_at': '2026-07-10T10:29:28+00:00',
E         +     'uptime_seconds': 2,
E           }

dashboard/tests/test_dashboard.py:83: AssertionError
________________________ test_crash_test_endpoints_work ________________________

    def test_crash_test_endpoints_work() -> None:
        """Crash-test endpoints return deterministic safe simulation output."""
    
        client = TestClient(create_app(runner_factory=_runner_factory))
    
        get_response = client.get("/api/crash-test")
        post_response = client.post("/api/crash-test", json={"scenario": "market_crash_50"})
    
        assert get_response.status_code == 200
        assert post_response.status_code == 200
        payload = post_response.json()
        assert payload["scenario"] == "market_crash_50"
>       assert payload["loss_percent"] == 50.0
E       assert 25.0 == 50.0

dashboard/tests/test_dashboard.py:124: AssertionError
______ test_stress_lab_page_returns_success_and_matches_rebuilt_template _______

    def test_stress_lab_page_returns_success_and_matches_rebuilt_template() -> None:
        """Stress Lab page renders the rebuilt stress interface."""
    
        response = TestClient(create_app(runner_factory=_runner_factory)).get(
            "/stress-lab?lang=en"
        )
    
        assert response.status_code == 200
>       assert "STRESS LAB" in response.text
E       assert 'STRESS LAB' in '<!doctype html>\n<html lang="en">\n<head>\n  <meta charset="utf-8">\n  <meta name="viewport" content="width=device-wi.../script>\n  <script src="/static/mini-app-mobile-fixes.js?v=20260710-modal-close-01" defer></script>\n</body>\n</html>'
E        +  where '<!doctype html>\n<html lang="en">\n<head>\n  <meta charset="utf-8">\n  <meta name="viewport" content="width=device-wi.../script>\n  <script src="/static/mini-app-mobile-fixes.js?v=20260710-modal-close-01" defer></script>\n</body>\n</html>' = <Response [200 OK]>.text

dashboard/tests/test_dashboard.py:136: AssertionError
___________________ test_stress_lab_scenario_list_api_works ____________________

    def test_stress_lab_scenario_list_api_works() -> None:
        """Stress Lab scenario list API returns deterministic scenarios."""
    
        response = TestClient(create_app(runner_factory=_runner_factory)).get(
            "/api/stress-lab/scenarios"
        )
    
        assert response.status_code == 200
        scenarios = response.json()["scenarios"]
>       assert {"id": "btc_drop_20", "label": "BTC price drop 20%"} in scenarios
E       AssertionError: assert {'id': 'btc_drop_20', 'label': 'BTC price drop 20%'} in [{'id': 'btc_drop_10', 'label': 'BTC -10%'}, {'id': 'btc_drop_20', 'label': 'BTC -20%'}, {'id': 'market_crash_50', 'label': 'Market -50%'}, {'id': 'news_panic', 'label': 'News Panic'}]

dashboard/tests/test_dashboard.py:153: AssertionError
__________________ test_stress_lab_btc_drop_20_scenario_works __________________

    def test_stress_lab_btc_drop_20_scenario_works() -> None:
        """BTC drop 20 scenario returns loss data and protective actions."""
    
        response = TestClient(create_app(runner_factory=_runner_factory)).post(
            "/api/stress-lab/run",
            json={"scenario": "btc_drop_20"},
        )
    
        assert response.status_code == 200
        payload = response.json()
        assert payload["scenario"] == "btc_drop_20"
>       assert payload["parameters"]["price_drop_percent"] == 20.0
               ^^^^^^^^^^^^^^^^^^^^^
E       KeyError: 'parameters'

dashboard/tests/test_dashboard.py:169: KeyError
________________ test_stress_lab_market_crash_50_scenario_works ________________

    def test_stress_lab_market_crash_50_scenario_works() -> None:
        """Market crash 50 scenario returns critical simulation data."""
    
        response = TestClient(create_app(runner_factory=_runner_factory)).post(
            "/api/stress-lab/run",
            json={"scenario": "market_crash_50"},
        )
    
        assert response.status_code == 200
        payload = response.json()
        assert payload["scenario"] == "market_crash_50"
>       assert payload["parameters"]["price_drop_percent"] == 50.0
               ^^^^^^^^^^^^^^^^^^^^^
E       KeyError: 'parameters'

dashboard/tests/test_dashboard.py:188: KeyError
_____________ test_stress_lab_virtual_capital_loss_scenario_works ______________

    def test_stress_lab_virtual_capital_loss_scenario_works() -> None:
        """Virtual capital loss scenario returns deterministic result."""
    
        response = TestClient(create_app(runner_factory=_runner_factory)).post(
            "/api/stress-lab/run",
            json={"scenario": "virtual_capital_loss_10"},
        )
    
        assert response.status_code == 200
        payload = response.json()
        assert payload["scenario"] == "virtual_capital_loss_10"
>       assert payload["parameters"]["capital_loss_percent"] == 10.0
               ^^^^^^^^^^^^^^^^^^^^^
E       KeyError: 'parameters'

dashboard/tests/test_dashboard.py:203: KeyError
____________ test_stress_lab_critical_drawdown_triggers_protection _____________

    def test_stress_lab_critical_drawdown_triggers_protection() -> None:
        """Critical drawdown triggers capital protection classification."""
    
        response = TestClient(create_app(runner_factory=_runner_factory)).post(
            "/api/stress-lab/run",
            json={
                "scenario": "market_crash_50",
                "starting_virtual_capital": 10000,
                "current_exposure": 100,
                "maximum_acceptable_drawdown": 10,
            },
        )
    
        assert response.status_code == 200
        payload = response.json()
        assert payload["after"]["loss_percent"] >= 10
>       assert payload["classification"] == "capital protection triggered"
E       AssertionError: assert 'warning' == 'capital protection triggered'
E         
E         - capital protection triggered
E         + warning

dashboard/tests/test_dashboard.py:222: AssertionError
____________________ test_ai_improvement_page_and_api_work _____________________

    def test_ai_improvement_page_and_api_work() -> None:
        """AI Improvement page and API expose recommendations."""
    
        client = TestClient(create_app(runner_factory=_runner_factory))
    
        page = client.get("/ai-improvement?lang=en")
        api = client.get("/api/ai-improvement")
    
        assert page.status_code == 200
>       assert "AI Improvement" in page.text
E       assert 'AI Improvement' in '<!doctype html>\n<html lang="en">\n<head>\n  <meta charset="utf-8">\n  <meta name="viewport" content="width=device-wi.../script>\n  <script src="/static/mini-app-mobile-fixes.js?v=20260710-modal-close-01" defer></script>\n</body>\n</html>'
E        +  where '<!doctype html>\n<html lang="en">\n<head>\n  <meta charset="utf-8">\n  <meta name="viewport" content="width=device-wi.../script>\n  <script src="/static/mini-app-mobile-fixes.js?v=20260710-modal-close-01" defer></script>\n</body>\n</html>' = <Response [200 OK]>.text

dashboard/tests/test_dashboard.py:249: AssertionError
___________________ test_ai_improvement_russian_label_works ____________________

    def test_ai_improvement_russian_label_works() -> None:
        """AI Improvement page has Russian labels."""
    
        response = TestClient(create_app(runner_factory=_runner_factory)).get(
            "/ai-improvement?lang=ru"
        )
    
        assert response.status_code == 200
>       assert "Улучшение AI" in response.text
E       assert 'Улучшение AI' in '<!doctype html>\n<html lang="ru">\n<head>\n  <meta charset="utf-8">\n  <meta name="viewport" content="width=device-wi.../script>\n  <script src="/static/mini-app-mobile-fixes.js?v=20260710-modal-close-01" defer></script>\n</body>\n</html>'
E        +  where '<!doctype html>\n<html lang="ru">\n<head>\n  <meta charset="utf-8">\n  <meta name="viewport" content="width=device-wi.../script>\n  <script src="/static/mini-app-mobile-fixes.js?v=20260710-modal-close-01" defer></script>\n</body>\n</html>' = <Response [200 OK]>.text

dashboard/tests/test_dashboard.py:264: AssertionError
_____________ test_russian_translation_is_complete_for_core_labels _____________

    def test_russian_translation_is_complete_for_core_labels() -> None:
        """Russian cockpit UI appears when lang is ru."""
    
        response = TestClient(create_app(runner_factory=_runner_factory)).get("/?lang=ru")
    
        assert response.status_code == 200
        assert "Обзор" in response.text
>       assert "Самандар, добро пожаловать." in response.text
E       assert 'Самандар, добро пожаловать.' in '<!doctype html>\n<html lang="ru">\n<head>\n  <meta charset="utf-8">\n  <meta name="viewport" content="width=device-wi.../script>\n  <script src="/static/mini-app-mobile-fixes.js?v=20260710-modal-close-01" defer></script>\n</body>\n</html>'
E        +  where '<!doctype html>\n<html lang="ru">\n<head>\n  <meta charset="utf-8">\n  <meta name="viewport" content="width=device-wi.../script>\n  <script src="/static/mini-app-mobile-fixes.js?v=20260710-modal-close-01" defer></script>\n</body>\n</html>' = <Response [200 OK]>.text

dashboard/tests/test_dashboard.py:288: AssertionError
_______________________ test_english_translation_appears _______________________

    def test_english_translation_appears() -> None:
        """English decision UI appears when lang is en."""
    
        response = TestClient(create_app(runner_factory=_runner_factory)).get("/?lang=en")
    
        assert response.status_code == 200
        assert "Overview" in response.text
>       assert "BUY BITCOIN" in response.text
E       assert 'BUY BITCOIN' in '<!doctype html>\n<html lang="en">\n<head>\n  <meta charset="utf-8">\n  <meta name="viewport" content="width=device-wi.../script>\n  <script src="/static/mini-app-mobile-fixes.js?v=20260710-modal-close-01" defer></script>\n</body>\n</html>'
E        +  where '<!doctype html>\n<html lang="en">\n<head>\n  <meta charset="utf-8">\n  <meta name="viewport" content="width=device-wi.../script>\n  <script src="/static/mini-app-mobile-fixes.js?v=20260710-modal-close-01" defer></script>\n</body>\n</html>' = <Response [200 OK]>.text

dashboard/tests/test_dashboard.py:302: AssertionError
________________________ test_uzbek_translation_appears ________________________

    def test_uzbek_translation_appears() -> None:
        """Uzbek decision UI appears when lang is uz."""
    
        response = TestClient(create_app(runner_factory=_runner_factory)).get("/?lang=uz")
    
        assert response.status_code == 200
        assert "Umumiy ko&#39;rinish" in response.text
>       assert "BITCOIN SOTIB OLISH" in response.text
E       assert 'BITCOIN SOTIB OLISH' in '<!doctype html>\n<html lang="uz">\n<head>\n  <meta charset="utf-8">\n  <meta name="viewport" content="width=device-wi.../script>\n  <script src="/static/mini-app-mobile-fixes.js?v=20260710-modal-close-01" defer></script>\n</body>\n</html>'
E        +  where '<!doctype html>\n<html lang="uz">\n<head>\n  <meta charset="utf-8">\n  <meta name="viewport" content="width=device-wi.../script>\n  <script src="/static/mini-app-mobile-fixes.js?v=20260710-modal-close-01" defer></script>\n</body>\n</html>' = <Response [200 OK]>.text

dashboard/tests/test_dashboard.py:313: AssertionError
_______________ test_runner_failure_does_not_crash_overview_page _______________

    def test_runner_failure_does_not_crash_overview_page() -> None:
        """Runner failures render a safe fallback state."""
    
        response = TestClient(create_app(runner_factory=_failing_runner_factory)).get("/")
    
        assert response.status_code == 200
        assert "SharipovAI OS" in response.text
>       assert "НЕТ РЕШЕНИЯ" in response.text
E       assert 'НЕТ РЕШЕНИЯ' in '<!doctype html>\n<html lang="ru">\n<head>\n  <meta charset="utf-8">\n  <meta name="viewport" content="width=device-wi.../script>\n  <script src="/static/mini-app-mobile-fixes.js?v=20260710-modal-close-01" defer></script>\n</body>\n</html>'
E        +  where '<!doctype html>\n<html lang="ru">\n<head>\n  <meta charset="utf-8">\n  <meta name="viewport" content="width=device-wi.../script>\n  <script src="/static/mini-app-mobile-fixes.js?v=20260710-modal-close-01" defer></script>\n</body>\n</html>' = <Response [200 OK]>.text

dashboard/tests/test_dashboard.py:352: AssertionError
_____________ test_settings_page_renders_rebuilt_control_sections ______________

    def test_settings_page_renders_rebuilt_control_sections() -> None:
        """Settings page contains the rebuilt control-center structure."""
    
        response = TestClient(create_app(runner_factory=_runner_factory)).get("/settings")
    
        assert response.status_code == 200
        for label in (
            "Настройки",
            "Виртуальный кошелек",
            "Риск",
            "Лимиты",
            "Безопасность",
            "Реальная торговля выключена",
        ):
>           assert label in response.text
E           assert 'Виртуальный кошелек' in '<!doctype html>\n<html lang="ru">\n<head>\n  <meta charset="utf-8">\n  <meta name="viewport" content="width=device-wi.../script>\n  <script src="/static/mini-app-mobile-fixes.js?v=20260710-modal-close-01" defer></script>\n</body>\n</html>'
E            +  where '<!doctype html>\n<html lang="ru">\n<head>\n  <meta charset="utf-8">\n  <meta name="viewport" content="width=device-wi.../script>\n  <script src="/static/mini-app-mobile-fixes.js?v=20260710-modal-close-01" defer></script>\n</body>\n</html>' = <Response [200 OK]>.text

dashboard/tests/test_dashboard.py:380: AssertionError
___________ test_self_analysis_page_renders_recommendations_section ____________

    def test_self_analysis_page_renders_recommendations_section() -> None:
        """Self Analysis page shows recommendations and safety messaging."""
    
        response = TestClient(create_app(runner_factory=_runner_factory)).get("/self-analysis")
    
        assert response.status_code == 200
>       assert "Самоанализ ошибок" in response.text
E       assert 'Самоанализ ошибок' in '<!doctype html>\n<html lang="ru">\n<head>\n  <meta charset="utf-8">\n  <meta name="viewport" content="width=device-wi.../script>\n  <script src="/static/mini-app-mobile-fixes.js?v=20260710-modal-close-01" defer></script>\n</body>\n</html>'
E        +  where '<!doctype html>\n<html lang="ru">\n<head>\n  <meta charset="utf-8">\n  <meta name="viewport" content="width=device-wi.../script>\n  <script src="/static/mini-app-mobile-fixes.js?v=20260710-modal-close-01" defer></script>\n</body>\n</html>' = <Response [200 OK]>.text

dashboard/tests/test_dashboard.py:389: AssertionError
_____________________ test_each_content_page_is_not_empty ______________________

    def test_each_content_page_is_not_empty() -> None:
        """Every fallback content page includes meaningful rebuilt section text."""
    
        client = TestClient(create_app(runner_factory=_runner_factory))
    
        for path in (
            "/market",
            "/news",
            "/ai-decision",
            "/portfolio",
            "/paper-trading",
            "/learning",
            "/reports",
        ):
            response = client.get(path)
            assert response.status_code == 200
>           assert "Раздел активен" in response.text
E           assert 'Раздел активен' in '<!doctype html>\n<html lang="ru">\n<head>\n  <meta charset="utf-8">\n  <meta name="viewport" content="width=device-wi.../script>\n  <script src="/static/mini-app-mobile-fixes.js?v=20260710-modal-close-01" defer></script>\n</body>\n</html>'
E            +  where '<!doctype html>\n<html lang="ru">\n<head>\n  <meta charset="utf-8">\n  <meta name="viewport" content="width=device-wi.../script>\n  <script src="/static/mini-app-mobile-fixes.js?v=20260710-modal-close-01" defer></script>\n</body>\n</html>' = <Response [200 OK]>.text

dashboard/tests/test_dashboard.py:410: AssertionError
______________ test_ai_control_center_uses_rebuilt_settings_panel ______________

    def test_ai_control_center_uses_rebuilt_settings_panel() -> None:
        """AI Control Center shares the rebuilt control panel."""
    
        response = TestClient(create_app(runner_factory=_runner_factory)).get(
            "/ai-control-center"
        )
    
        assert response.status_code == 200
>       assert "AI Control Center" in response.text
E       assert 'AI Control Center' in "<html><head><meta name='viewport' content='width=device-width,initial-scale=1'><link rel='stylesheet' href='/static/s...</td><td>подтвердил: реальные ордера запрещены без ручного разрешения</td></tr></table></section></main></body></html>"
E        +  where "<html><head><meta name='viewport' content='width=device-width,initial-scale=1'><link rel='stylesheet' href='/static/s...</td><td>подтвердил: реальные ордера запрещены без ручного разрешения</td></tr></table></section></main></body></html>" = <Response [200 OK]>.text

dashboard/tests/test_dashboard.py:423: AssertionError
____________ test_crash_test_panel_was_replaced_by_stress_lab_link _____________

    def test_crash_test_panel_was_replaced_by_stress_lab_link() -> None:
        """Overview links to Stress Lab instead of the removed crash-test card."""
    
        response = TestClient(create_app(runner_factory=_runner_factory)).get("/")
    
        assert response.status_code == 200
        assert "Панель краш-теста" not in response.text
        assert "href=\"/stress-lab?lang=ru\"" in response.text
>       assert "Стресс-тест" in response.text
E       assert 'Стресс-тест' in '<!doctype html>\n<html lang="ru">\n<head>\n  <meta charset="utf-8">\n  <meta name="viewport" content="width=device-wi.../script>\n  <script src="/static/mini-app-mobile-fixes.js?v=20260710-modal-close-01" defer></script>\n</body>\n</html>'
E        +  where '<!doctype html>\n<html lang="ru">\n<head>\n  <meta charset="utf-8">\n  <meta name="viewport" content="width=device-wi.../script>\n  <script src="/static/mini-app-mobile-fixes.js?v=20260710-modal-close-01" defer></script>\n</body>\n</html>' = <Response [200 OK]>.text

dashboard/tests/test_dashboard.py:436: AssertionError
_____________________ test_demo_state_is_funded_by_default _____________________

monkeypatch = <_pytest.monkeypatch.MonkeyPatch object at 0x7f3591d73050>
tmp_path = PosixPath('/tmp/pytest-of-runner/pytest-0/test_demo_state_is_funded_by_d0')

    def test_demo_state_is_funded_by_default(monkeypatch, tmp_path: Path) -> None:
        """Demo state should start funded, not at zero."""
    
        monkeypatch.setenv("DEMO_STATE_FILE", str(tmp_path / "demo_state.json"))
        client = TestClient(create_app())
    
        response = client.get("/api/demo/state")
    
        assert response.status_code == 200
        payload = response.json()
        assert payload["status"] == "ok"
>       assert payload["state"]["equity"] == 10000.0
E       assert 10051.63 == 10000.0

dashboard/tests/test_demo_api.py:23: AssertionError
________________ test_demo_chat_can_find_bybit_best_conditions _________________

monkeypatch = <_pytest.monkeypatch.MonkeyPatch object at 0x7f3590745cd0>
tmp_path = PosixPath('/tmp/pytest-of-runner/pytest-0/test_demo_chat_can_find_bybit_0')

    def test_demo_chat_can_find_bybit_best_conditions(monkeypatch, tmp_path: Path) -> None:
        """AI chat should answer Bybit cost intelligence questions."""
    
        monkeypatch.setenv("DEMO_STATE_FILE", str(tmp_path / "demo_state.json"))
        monkeypatch.setenv("EXCHANGE_MODE", "sandbox")
        client = TestClient(create_app())
    
        response = client.post("/api/demo/chat", json={"message": "найди выгодные условия Bybit"})
    
        assert response.status_code == 200
        payload = response.json()
        assert payload["status"] == "ok"
>       assert "Bybit cost intelligence" in payload["reply"]
E       AssertionError: assert 'Bybit cost intelligence' in 'Exchange Cost AI проверил комиссии. Лучший demo-вариант: spot / maker, round-trip fee 2.0. Комиссионная нагрузка: 13.67. Break-even price: 67295.4. Сделка выгодна только если движение перекрывает комиссии, spread и slippage.'

dashboard/tests/test_demo_api.py:60: AssertionError
________________ test_demo_chat_returns_json_when_engine_fails _________________

monkeypatch = <_pytest.monkeypatch.MonkeyPatch object at 0x7f35906454f0>

    def test_demo_chat_returns_json_when_engine_fails(monkeypatch) -> None:
        """Demo chat should return useful JSON instead of a 500 on internal errors."""
    
        import dashboard.demo_api as demo_api
    
        def broken_run_ai_command(_message: str) -> dict[str, object]:
            raise RuntimeError("boom")
    
        monkeypatch.setattr(demo_api, "run_ai_command", broken_run_ai_command)
        client = TestClient(create_app())
    
        response = client.post("/api/demo/chat", json={"message": "найди выгодные условия Bybit"})
    
        assert response.status_code == 200
        payload = response.json()
>       assert payload["status"] == "error"
E       AssertionError: assert 'ok' == 'error'
E         
E         - error
E         + ok

dashboard/tests/test_demo_api.py:81: AssertionError
_________ test_demo_chat_can_buy_virtual_btc_with_exchange_preview_fee _________

monkeypatch = <_pytest.monkeypatch.MonkeyPatch object at 0x7f35908d1010>
tmp_path = PosixPath('/tmp/pytest-of-runner/pytest-0/test_demo_chat_can_buy_virtual0')

    def test_demo_chat_can_buy_virtual_btc_with_exchange_preview_fee(monkeypatch, tmp_path: Path) -> None:
        """AI chat should execute a virtual buy with exchange-preview commission math."""
    
        monkeypatch.setenv("DEMO_STATE_FILE", str(tmp_path / "demo_state.json"))
        monkeypatch.setenv("EXCHANGE_MODE", "sandbox")
        monkeypatch.setenv("EXCHANGE_DEFAULT_FEE_RATE", "0.001")
        client = TestClient(create_app())
    
        response = client.post("/api/demo/chat", json={"message": "купи BTC виртуально"})
    
        assert response.status_code == 200
        payload = response.json()
        assert payload["status"] == "ok"
>       assert "купил" in payload["reply"].lower()
E       assert 'купил' in "я не отвечаю сам от себя: я спрашиваю нужных ai-ботов. сейчас trade gate говорит: block. новости: средняя достовернос...проси: 'что сегодня произошло?', 'почему рисковано?', 'можно покупать?', 'какие ии не работают?', 'чему ты научился?'."
E        +  where "я не отвечаю сам от себя: я спрашиваю нужных ai-ботов. сейчас trade gate говорит: block. новости: средняя достовернос...проси: 'что сегодня произошло?', 'почему рисковано?', 'можно покупать?', 'какие ии не работают?', 'чему ты научился?'." = <built-in method lower of str object at 0x557ed675f130>()
E        +    where <built-in method lower of str object at 0x557ed675f130> = "Я не отвечаю сам от себя: я спрашиваю нужных AI-ботов. Сейчас Trade Gate говорит: BLOCK. Новости: средняя достовернос...проси: 'что сегодня произошло?', 'почему рисковано?', 'можно покупать?', 'какие ИИ не работают?', 'чему ты научился?'.".lower

dashboard/tests/test_demo_api.py:99: AssertionError
__________ test_demo_chat_can_sell_virtual_position_after_commissions __________

monkeypatch = <_pytest.monkeypatch.MonkeyPatch object at 0x7f3590923050>
tmp_path = PosixPath('/tmp/pytest-of-runner/pytest-0/test_demo_chat_can_sell_virtua0')

    def test_demo_chat_can_sell_virtual_position_after_commissions(monkeypatch, tmp_path: Path) -> None:
        """AI chat should close a virtual position and report net PnL after fees."""
    
        monkeypatch.setenv("DEMO_STATE_FILE", str(tmp_path / "demo_state.json"))
        monkeypatch.setenv("EXCHANGE_MODE", "sandbox")
        monkeypatch.setenv("EXCHANGE_DEFAULT_FEE_RATE", "0.001")
        client = TestClient(create_app())
    
        client.post("/api/demo/chat", json={"message": "купи BTC"})
        response = client.post("/api/demo/chat", json={"message": "продай BTC"})
    
        assert response.status_code == 200
        payload = response.json()
>       assert payload["state"]["open_positions"] == 0
               ^^^^^^^^^^^^^^^^^^^^^^^^^^^^^^^^^^
E       KeyError: 'open_positions'

dashboard/tests/test_demo_api.py:124: KeyError
_______________________ test_demo_chat_online_monitoring _______________________

monkeypatch = <_pytest.monkeypatch.MonkeyPatch object at 0x7f3590aa7830>
tmp_path = PosixPath('/tmp/pytest-of-runner/pytest-0/test_demo_chat_online_monitori0')

    def test_demo_chat_online_monitoring(monkeypatch, tmp_path: Path) -> None:
        """AI chat should report online monitoring for demo and exchange."""
    
        monkeypatch.setenv("DEMO_STATE_FILE", str(tmp_path / "demo_state.json"))
        monkeypatch.setenv("EXCHANGE_MODE", "sandbox")
        client = TestClient(create_app())
    
        response = client.post("/api/demo/chat", json={"message": "мониторинг онлайн биржи"})
    
        assert response.status_code == 200
        payload = response.json()
>       assert "Онлайн-мониторинг" in payload["reply"]
E       assert 'Онлайн-мониторинг' in "Я не отвечаю сам от себя: я спрашиваю нужных AI-ботов. Сейчас Trade Gate говорит: BLOCK. Новости: средняя достовернос...проси: 'что сегодня произошло?', 'почему рисковано?', 'можно покупать?', 'какие ИИ не работают?', 'чему ты научился?'."

dashboard/tests/test_demo_api.py:142: AssertionError
____________ test_trade_gate_response_is_recorded_in_evidence_vault ____________

tmp_path = PosixPath('/tmp/pytest-of-runner/pytest-0/test_trade_gate_response_is_re0')
monkeypatch = <_pytest.monkeypatch.MonkeyPatch object at 0x7f3590b25b80>

    def test_trade_gate_response_is_recorded_in_evidence_vault(tmp_path, monkeypatch) -> None:
        evidence_db = tmp_path / "evidence.sqlite3"
        monkeypatch.setenv("EVIDENCE_VAULT_DB", str(evidence_db))
        monkeypatch.setenv("POLICY_JOURNAL_FILE", str(tmp_path / "policy.json"))
        client = TestClient(create_app(runner_factory=DummyRunner))
    
        response = client.get("/api/trade-gate")
    
>       assert response.status_code == 200
E       assert 404 == 200
E        +  where 404 = <Response [404 Not Found]>.status_code

dashboard/tests/test_evidence_recorder_middleware.py:22: AssertionError
________________ test_mini_app_has_exchange_commission_monitor _________________

    def test_mini_app_has_exchange_commission_monitor() -> None:
        """Mini App must show exchange, fee, commission drag, and best condition fields."""
    
        response = TestClient(create_app(runner_factory=_runner_factory)).get("/?lang=ru")
    
        assert response.status_code == 200
        text = response.text
        assert "Биржа и комиссии" in text
        assert "Предпросмотр" in text
        assert "Реальные сделки" in text
>       assert "Песочница" in text
E       assert 'Песочница' in '<!doctype html>\n<html lang="ru">\n<head>\n  <meta charset="utf-8">\n  <meta name="viewport" content="width=device-wi.../script>\n  <script src="/static/mini-app-mobile-fixes.js?v=20260710-modal-close-01" defer></script>\n</body>\n</html>'

dashboard/tests/test_mini_app_sections.py:60: AssertionError
_____ test_mini_app_live_js_loads_ai_bots_demo_state_and_exchange_monitor ______

    def test_mini_app_live_js_loads_ai_bots_demo_state_and_exchange_monitor() -> None:
        """Mini App controller must load demo, bots, stress, and exchange monitoring APIs."""
    
        response = TestClient(create_app(runner_factory=_runner_factory)).get("/static/mini-app-live.js")
    
        assert response.status_code == 200
        text = response.text
        assert "/api/demo/state" in text
        assert "/api/demo/chat" in text
        assert "/api/ai-bots" in text
        assert "/api/stress-lab/run" in text
>       assert "renderExchangeMonitor" in text
E       AssertionError: assert 'renderExchangeMonitor' in '(() => {\n  const $ = (selector) => document.querySelector(selector);\n  const $$ = (selector) => Array.from(document...loadBots, 30000);\n    setInterval(refreshNews, 120000);\n    setInterval(refreshFreshnessLabels, 1000);\n  });\n})();'

dashboard/tests/test_mini_app_sections.py:102: AssertionError
___________________ test_user_can_change_temporary_password ____________________

tmp_path = PosixPath('/tmp/pytest-of-runner/pytest-0/test_user_can_change_temporary0')
monkeypatch = <_pytest.monkeypatch.MonkeyPatch object at 0x7f3591eb3f80>

    def test_user_can_change_temporary_password(tmp_path: Path, monkeypatch) -> None:
        monkeypatch.setenv("AUTH_USERS_FILE", str(tmp_path / "users.json"))
        monkeypatch.setenv("AUTH_ACCESS_REQUESTS_FILE", str(tmp_path / "access_requests.json"))
        monkeypatch.setenv("AUTH_SECURITY_EVENTS_FILE", str(tmp_path / "security_events.json"))
        app = create_app(runner_factory=FakeRunner)
        client = TestClient(app)
    
        client.post(
            "/register",
            data={"username": "pilot02", "contact": "@pilot02", "reason": "Need access"},
        )
>       request_id = client.get("/api/security/access-requests").json()["requests"][0]["id"]
                     ^^^^^^^^^^^^^^^^^^^^^^^^^^^^^^^^^^^^^^^^^^^^^^^^^^^^^^^^^^^^^^^^^
E       IndexError: list index out of range

dashboard/tests/test_password_change_flow.py:40: IndexError
_______ test_admin_can_approve_access_request_and_created_user_can_login _______

tmp_path = PosixPath('/tmp/pytest-of-runner/pytest-0/test_admin_can_approve_access_0')
monkeypatch = <_pytest.monkeypatch.MonkeyPatch object at 0x7f3590923920>

    def test_admin_can_approve_access_request_and_created_user_can_login(tmp_path: Path, monkeypatch) -> None:
        monkeypatch.setenv("AUTH_USERS_FILE", str(tmp_path / "users.json"))
        monkeypatch.setenv("AUTH_ACCESS_REQUESTS_FILE", str(tmp_path / "access_requests.json"))
        monkeypatch.setenv("AUTH_SECURITY_EVENTS_FILE", str(tmp_path / "security_events.json"))
        app = create_app(runner_factory=FakeRunner)
        client = TestClient(app)
    
        register_response = client.post(
            "/register",
            data={
                "username": "pilot01",
                "contact": "@pilot01",
                "reason": "Need SharipovAI access",
            },
        )
>       assert register_response.status_code == 202
E       assert 400 == 202
E        +  where 400 = <Response [400 Bad Request]>.status_code

dashboard/tests/test_security_approval_flow.py:44: AssertionError
__________________ test_social_news_api_returns_seeded_state ___________________

monkeypatch = <_pytest.monkeypatch.MonkeyPatch object at 0x7f3591f846b0>
tmp_path = PosixPath('/tmp/pytest-of-runner/pytest-0/test_social_news_api_returns_s0')

    def test_social_news_api_returns_seeded_state(monkeypatch, tmp_path: Path) -> None:
        """Social news API should return sources, analyzed news, and agents."""
    
        monkeypatch.setenv("NEWS_MONITOR_STATE_FILE", str(tmp_path / "news_state.json"))
        client = TestClient(create_app())
    
        response = client.get("/api/social-news")
    
        assert response.status_code == 200
        payload = response.json()
        assert payload["status"] == "ok"
>       assert payload["sources"]["total"] >= 50
E       assert 10 >= 50

dashboard/tests/test_social_news_api.py:24: AssertionError
_______________________ test_social_news_rss_refresh_api _______________________

monkeypatch = <_pytest.monkeypatch.MonkeyPatch object at 0x7f359090b200>
tmp_path = PosixPath('/tmp/pytest-of-runner/pytest-0/test_social_news_rss_refresh_a0')

    def test_social_news_rss_refresh_api(monkeypatch, tmp_path: Path) -> None:
        """RSS refresh endpoint should read, analyze, and run news agents."""
    
        import news_monitor.rss_reader as rss_reader
    
        def fake_parse(_url: str) -> SimpleNamespace:
            return SimpleNamespace(
                bozo=False,
                entries=[
                    SimpleNamespace(
                        title="BTC ETF inflow update",
                        summary="Bitcoin market inflow summary",
                        link="https://example.com/btc",
                        published_parsed=(2026, 1, 2, 3, 4, 5, 0, 0, 0),
                    )
                ],
            )
    
        monkeypatch.setenv("NEWS_MONITOR_STATE_FILE", str(tmp_path / "news_state.json"))
        monkeypatch.setattr(rss_reader.feedparser, "parse", fake_parse)
        client = TestClient(create_app())
    
        response = client.post("/api/social-news/rss/refresh", json={"limit_per_source": 1})
    
        assert response.status_code == 200
        payload = response.json()
        assert payload["status"] == "ok"
>       assert payload["items"]
               ^^^^^^^^^^^^^^^^
E       KeyError: 'items'

dashboard/tests/test_social_news_api.py:129: KeyError
_____________ test_social_news_telegram_status_when_not_configured _____________

monkeypatch = <_pytest.monkeypatch.MonkeyPatch object at 0x7f35908bda60>
tmp_path = PosixPath('/tmp/pytest-of-runner/pytest-0/test_social_news_telegram_stat0')

    def test_social_news_telegram_status_when_not_configured(monkeypatch, tmp_path: Path) -> None:
        """Telegram client status should explain missing config without secrets."""
    
        monkeypatch.setenv("NEWS_MONITOR_STATE_FILE", str(tmp_path / "news_state.json"))
        for name in ("TELEGRAM_API_ID", "TELEGRAM_API_HASH", "TELEGRAM_SESSION_STRING", "TELEGRAM_NEWS_SOURCES"):
            monkeypatch.delenv(name, raising=False)
    
        response = TestClient(create_app()).get("/api/social-news/telegram/status")
    
        assert response.status_code == 200
        payload = response.json()
        assert payload["status"] == "ok"
        assert payload["telegram_client"]["configured"] is False
        assert "TELEGRAM_SESSION_STRING" in payload["telegram_client"]["missing"]
>       assert "api_hash" not in str(payload).lower()
E       assert 'api_hash' not in "{'status': ...олностью.'}}"
E         
E         'api_hash' is contained here:
E           'telegram_api_hash', 'telegram_session_string', 'telegram_news_sources'], 'message': 'telegram client ещё не настроен полностью.'}}
E         ?           ++++++++

dashboard/tests/test_social_news_api.py:148: AssertionError
____________________ test_main_keyboard_without_webapp_url _____________________

monkeypatch = <_pytest.monkeypatch.MonkeyPatch object at 0x7f35902a3d70>

    def test_main_keyboard_without_webapp_url(monkeypatch) -> None:
        """Keyboard works without Mini App URL."""
    
        monkeypatch.delenv("WEBAPP_URL", raising=False)
    
        keyboard = telegram_bot.main_keyboard()
    
        assert "inline_keyboard" in keyboard
>       assert keyboard["inline_keyboard"][0][0]["callback_data"] == "overview"
E       AssertionError: assert 'now' == 'overview'
E         
E         - overview
E         + now

dashboard/tests/test_telegram_bot.py:16: AssertionError
______________________ test_main_keyboard_with_webapp_url ______________________

monkeypatch = <_pytest.monkeypatch.MonkeyPatch object at 0x7f35902a0860>

    def test_main_keyboard_with_webapp_url(monkeypatch) -> None:
        """Keyboard includes Telegram Mini App button when WEBAPP_URL is set."""
    
        monkeypatch.setenv("WEBAPP_URL", "https://example.com")
    
        keyboard = telegram_bot.main_keyboard()
    
>       assert keyboard["inline_keyboard"][0][0]["web_app"] == {"url": "https://example.com"}
               ^^^^^^^^^^^^^^^^^^^^^^^^^^^^^^^^^^^^^^^^^^^^
E       KeyError: 'web_app'

dashboard/tests/test_telegram_bot.py:29: KeyError
___________________ test_handle_start_message_sends_welcome ____________________

monkeypatch = <_pytest.monkeypatch.MonkeyPatch object at 0x7f35902a1430>

    def test_handle_start_message_sends_welcome(monkeypatch) -> None:
        """The /start command sends the SharipovAI welcome message."""
    
        sent: list[tuple[int, str, dict[str, object] | None]] = []
    
        def fake_send_message(chat_id: int, text: str, keyboard: dict[str, object] | None = None) -> None:
            sent.append((chat_id, text, keyboard))
    
        monkeypatch.setattr(telegram_bot, "send_message", fake_send_message)
        monkeypatch.setenv("WEBAPP_URL", "https://example.com")
    
        telegram_bot.handle_message({"chat": {"id": 123}, "text": "/start"})
    
        assert sent
        assert sent[0][0] == 123
>       assert "Добро пожаловать в SharipovAI" in sent[0][1]
E       AssertionError: assert 'Добро пожаловать в SharipovAI' in '👋 <b>SharipovAI Telegram запущен</b>\n\nРежим: <b>paper-realism</b>. Это безопасная среда для Самандара, но AI обязан.../status — статус Telegram\n\nКонституция: никаких фейковых журналов, скрытия ошибок и отношения «это всего лишь демо».'

dashboard/tests/test_telegram_bot.py:61: AssertionError
_________________ test_bot_ai_reply_answers_portfolio_directly _________________

    def test_bot_ai_reply_answers_portfolio_directly() -> None:
        """Bot should answer portfolio questions without forcing Mini App navigation."""
    
>       reply = telegram_bot.bot_ai_reply("покажи портфель и баланс")
                ^^^^^^^^^^^^^^^^^^^^^^^^^
E       AttributeError: module 'telegram_bot' has no attribute 'bot_ai_reply'

dashboard/tests/test_telegram_bot.py:69: AttributeError
___________________ test_handle_plain_message_uses_ai_reply ____________________

monkeypatch = <_pytest.monkeypatch.MonkeyPatch object at 0x7f35902a2d20>

    def test_handle_plain_message_uses_ai_reply(monkeypatch) -> None:
        """Plain Telegram messages should receive useful direct AI replies."""
    
        sent: list[tuple[int, str, dict[str, object] | None]] = []
    
        def fake_send_message(chat_id: int, text: str, keyboard: dict[str, object] | None = None) -> None:
            sent.append((chat_id, text, keyboard))
    
        monkeypatch.setattr(telegram_bot, "send_message", fake_send_message)
    
        telegram_bot.handle_message({"chat": {"id": 123}, "text": "что с риском?"})
    
        assert sent
        assert sent[0][0] == 123
>       assert "Риск сейчас" in sent[0][1]
E       AssertionError: assert 'Риск сейчас' in '<b>Risk Engine AI + Trade Gate</b>\n\nRisk Engine и Trade Gate проверили ситуацию.\nНЕТ. Реальную сделку и виртуальны...ne. Разрешён только virtual-watch режим.\n\n<i>Paper-realism: ответ оценивается как тренировка реального капитала.</i>'

dashboard/tests/test_telegram_bot.py:90: AssertionError
=============================== warnings summary ===============================
../../../../../opt/hostedtoolcache/Python/3.12.13/x64/lib/python3.12/site-packages/fastapi/testclient.py:1
  /opt/hostedtoolcache/Python/3.12.13/x64/lib/python3.12/site-packages/fastapi/testclient.py:1: StarletteDeprecationWarning: Using `httpx` with `starlette.testclient` is deprecated; install `httpx2` instead.
    from starlette.testclient import TestClient as TestClient  # noqa

dashboard/social_news_api.py:25: 3 warnings
dashboard/tests/test_admin_secure_app_roles.py: 2 warnings
dashboard/tests/test_ai_bots_and_chat.py: 5 warnings
dashboard/tests/test_ai_bots_chat_questions.py: 1 warning
dashboard/tests/test_auth_security_flow.py: 2 warnings
dashboard/tests/test_bot_chat_persistence_api.py: 2 warnings
dashboard/tests/test_bot_communication_dashboard_integration.py: 2 warnings
dashboard/tests/test_crash_hardening.py: 4 warnings
dashboard/tests/test_dashboard.py: 31 warnings
dashboard/tests/test_demo_api.py: 7 warnings
dashboard/tests/test_evidence_recorder_middleware.py: 2 warnings
dashboard/tests/test_evidence_vault_dashboard_integration.py: 2 warnings
dashboard/tests/test_exchange_api.py: 6 warnings
dashboard/tests/test_learning_os_dashboard_integration.py: 2 warnings
dashboard/tests/test_mini_app_sections.py: 4 warnings
dashboard/tests/test_paper_activity_dashboard.py: 3 warnings
dashboard/tests/test_password_change_flow.py: 1 warning
dashboard/tests/test_policy_guard_dashboard_integration.py: 4 warnings
dashboard/tests/test_secure_app_lockout_flow.py: 1 warning
dashboard/tests/test_security_approval_flow.py: 1 warning
dashboard/tests/test_social_news_api.py: 10 warnings
  /home/runner/work/SharipovAI/SharipovAI/dashboard/social_news_api.py:25: DeprecationWarning: 
          on_event is deprecated, use lifespan event handlers instead.
  
          Read more about it in the
          [FastAPI docs for Lifespan Events](https://fastapi.tiangolo.com/advanced/events/).
          
    @app.on_event("startup")

../../../../../opt/hostedtoolcache/Python/3.12.13/x64/lib/python3.12/site-packages/fastapi/applications.py:4675: 9 warnings
dashboard/tests/test_admin_secure_app_roles.py: 6 warnings
dashboard/tests/test_ai_bots_and_chat.py: 15 warnings
dashboard/tests/test_ai_bots_chat_questions.py: 3 warnings
dashboard/tests/test_auth_security_flow.py: 6 warnings
dashboard/tests/test_bot_chat_persistence_api.py: 6 warnings
dashboard/tests/test_bot_communication_dashboard_integration.py: 6 warnings
dashboard/tests/test_crash_hardening.py: 12 warnings
dashboard/tests/test_dashboard.py: 93 warnings
dashboard/tests/test_demo_api.py: 21 warnings
dashboard/tests/test_evidence_recorder_middleware.py: 6 warnings
dashboard/tests/test_evidence_vault_dashboard_integration.py: 6 warnings
dashboard/tests/test_exchange_api.py: 18 warnings
dashboard/tests/test_learning_os_dashboard_integration.py: 6 warnings
dashboard/tests/test_mini_app_sections.py: 12 warnings
dashboard/tests/test_paper_activity_dashboard.py: 9 warnings
dashboard/tests/test_password_change_flow.py: 3 warnings
dashboard/tests/test_policy_guard_dashboard_integration.py: 12 warnings
dashboard/tests/test_secure_app_lockout_flow.py: 3 warnings
dashboard/tests/test_security_approval_flow.py: 3 warnings
dashboard/tests/test_social_news_api.py: 30 warnings
  /opt/hostedtoolcache/Python/3.12.13/x64/lib/python3.12/site-packages/fastapi/applications.py:4675: DeprecationWarning: 
          on_event is deprecated, use lifespan event handlers instead.
  
          Read more about it in the
          [FastAPI docs for Lifespan Events](https://fastapi.tiangolo.com/advanced/events/).
          
    return self.router.on_event(event_type)  # ty: ignore[deprecated]

dashboard/telegram_webhook_api.py:31: 3 warnings
dashboard/tests/test_admin_secure_app_roles.py: 2 warnings
dashboard/tests/test_ai_bots_and_chat.py: 5 warnings
dashboard/tests/test_ai_bots_chat_questions.py: 1 warning
dashboard/tests/test_auth_security_flow.py: 2 warnings
dashboard/tests/test_bot_chat_persistence_api.py: 2 warnings
dashboard/tests/test_bot_communication_dashboard_integration.py: 2 warnings
dashboard/tests/test_crash_hardening.py: 4 warnings
dashboard/tests/test_dashboard.py: 31 warnings
dashboard/tests/test_demo_api.py: 7 warnings
dashboard/tests/test_evidence_recorder_middleware.py: 2 warnings
dashboard/tests/test_evidence_vault_dashboard_integration.py: 2 warnings
dashboard/tests/test_exchange_api.py: 6 warnings
dashboard/tests/test_learning_os_dashboard_integration.py: 2 warnings
dashboard/tests/test_mini_app_sections.py: 4 warnings
dashboard/tests/test_paper_activity_dashboard.py: 3 warnings
dashboard/tests/test_password_change_flow.py: 1 warning
dashboard/tests/test_policy_guard_dashboard_integration.py: 4 warnings
dashboard/tests/test_secure_app_lockout_flow.py: 1 warning
dashboard/tests/test_security_approval_flow.py: 1 warning
dashboard/tests/test_social_news_api.py: 10 warnings
  /home/runner/work/SharipovAI/SharipovAI/dashboard/telegram_webhook_api.py:31: DeprecationWarning: 
          on_event is deprecated, use lifespan event handlers instead.
  
          Read more about it in the
          [FastAPI docs for Lifespan Events](https://fastapi.tiangolo.com/advanced/events/).
          
    @app.on_event("startup")

dashboard/paper_activity_api.py:24: 3 warnings
dashboard/tests/test_admin_secure_app_roles.py: 2 warnings
dashboard/tests/test_ai_bots_and_chat.py: 5 warnings
dashboard/tests/test_ai_bots_chat_questions.py: 1 warning
dashboard/tests/test_auth_security_flow.py: 2 warnings
dashboard/tests/test_bot_chat_persistence_api.py: 2 warnings
dashboard/tests/test_bot_communication_dashboard_integration.py: 2 warnings
dashboard/tests/test_crash_hardening.py: 4 warnings
dashboard/tests/test_dashboard.py: 31 warnings
dashboard/tests/test_demo_api.py: 7 warnings
dashboard/tests/test_evidence_recorder_middleware.py: 2 warnings
dashboard/tests/test_evidence_vault_dashboard_integration.py: 2 warnings
dashboard/tests/test_exchange_api.py: 6 warnings
dashboard/tests/test_learning_os_dashboard_integration.py: 2 warnings
dashboard/tests/test_mini_app_sections.py: 4 warnings
dashboard/tests/test_paper_activity_dashboard.py: 3 warnings
dashboard/tests/test_password_change_flow.py: 1 warning
dashboard/tests/test_policy_guard_dashboard_integration.py: 4 warnings
dashboard/tests/test_secure_app_lockout_flow.py: 1 warning
dashboard/tests/test_security_approval_flow.py: 1 warning
dashboard/tests/test_social_news_api.py: 10 warnings
  /home/runner/work/SharipovAI/SharipovAI/dashboard/paper_activity_api.py:24: DeprecationWarning: 
          on_event is deprecated, use lifespan event handlers instead.
  
          Read more about it in the
          [FastAPI docs for Lifespan Events](https://fastapi.tiangolo.com/advanced/events/).
          
    @app.on_event("startup")

-- Docs: https://docs.pytest.org/en/stable/how-to/capture-warnings.html
=========================== short test summary info ============================
FAILED dashboard/tests/test_admin_secure_app_roles.py::test_admin_can_open_security_center - assert 404 == 200
 +  where 404 = <Response [404 Not Found]>.status_code
FAILED dashboard/tests/test_admin_secure_app_roles.py::test_regular_user_cannot_open_security_center - IndexError: list index out of range
FAILED dashboard/tests/test_ai_bots_and_chat.py::test_ai_bots_page_renders_supervisor_and_agents - assert 'Генеральный контролёр AI' in "<html><head><meta name='viewport' content='width=device-width,initial-scale=1'><link rel='stylesheet' href='/static/s...без ручного разрешения</td><td>100%</td><td>2026-07-10T10:29:29+00:00</td></tr></table></section></main></body></html>"
 +  where "<html><head><meta name='viewport' content='width=device-width,initial-scale=1'><link rel='stylesheet' href='/static/s...без ручного разрешения</td><td>100%</td><td>2026-07-10T10:29:29+00:00</td></tr></table></section></main></body></html>" = <Response [200 OK]>.text
FAILED dashboard/tests/test_ai_bots_and_chat.py::test_ai_bots_api_returns_supervisor_summary - AssertionError: assert 'General Controller' == 'Генеральный контролёр AI'
  
  - Генеральный контролёр AI
  + General Controller
FAILED dashboard/tests/test_ai_bots_and_chat.py::test_chat_answers_identity_like_ai_assistant - AssertionError: assert 'SharipovAI' in 'System AI Auditor провёл проверку всех ИИ.\nРаботают полноценно: 6/19. Делают вид/заглушки: 0. Критичных AI с недораб...ста:\n• Learning Engine AI — недоработан: Подключить Learning Engine 2.0 к ошибкам сделок, новостей и риск-блокировок.'
FAILED dashboard/tests/test_ai_bots_and_chat.py::test_chat_answers_what_was_bought_with_trade_details - assert 'открыты покупки' in "Я не отвечаю сам от себя: я спрашиваю нужных AI-ботов. Сейчас Trade Gate говорит: BLOCK. Новости: средняя достовернос...проси: 'что сегодня произошло?', 'почему рисковано?', 'можно покупать?', 'какие ИИ не работают?', 'чему ты научился?'."
FAILED dashboard/tests/test_ai_bots_and_chat.py::test_chat_answers_unknown_question_with_system_state - assert 'Я понял твой вопрос' in "Я не отвечаю сам от себя: я спрашиваю нужных AI-ботов. Сейчас Trade Gate говорит: BLOCK. Новости: средняя достовернос...проси: 'что сегодня произошло?', 'почему рисковано?', 'можно покупать?', 'какие ИИ не работают?', 'чему ты научился?'."
FAILED dashboard/tests/test_ai_bots_chat_questions.py::test_chat_answers_ai_bot_status_question_with_bot_list - AssertionError: assert 'работает' in 'System AI Auditor провёл проверку всех ИИ.\nРаботают полноценно: 6/19. Делают вид/заглушки: 0. Критичных AI с недораб...ста:\n• Learning Engine AI — недоработан: Подключить Learning Engine 2.0 к ошибкам сделок, новостей и риск-блокировок.'
FAILED dashboard/tests/test_auth_security_flow.py::test_login_page_points_to_access_request - assert 'Вход в SharipovAI' in '<!doctype html><html lang="ru"><head><meta charset="utf-8"><meta name="viewport" content="width=device-width,initial-...ssword" placeholder="Пароль от 8 символов"><button type="submit">Запросить доступ</button></form></main></body></html>'
 +  where '<!doctype html><html lang="ru"><head><meta charset="utf-8"><meta name="viewport" content="width=device-width,initial-...ssword" placeholder="Пароль от 8 символов"><button type="submit">Запросить доступ</button></form></main></body></html>' = <Response [200 OK]>.text
FAILED dashboard/tests/test_auth_security_flow.py::test_register_creates_security_access_request - assert 400 == 202
 +  where 400 = <Response [400 Bad Request]>.status_code
FAILED dashboard/tests/test_crash_hardening.py::test_private_api_requires_auth_when_auth_is_enabled - assert 200 == 401
 +  where 200 = <Response [200 OK]>.status_code
FAILED dashboard/tests/test_crash_hardening.py::test_access_request_is_recorded_without_creating_password_user - assert 400 == 202
 +  where 400 = <Response [400 Bad Request]>.status_code
FAILED dashboard/tests/test_crash_hardening.py::test_stress_lab_handles_bad_numeric_inputs_safely - KeyError: 'parameters'
FAILED dashboard/tests/test_crash_hardening.py::test_chat_endpoint_handles_empty_payload - KeyError: 'decision'
FAILED dashboard/tests/test_dashboard.py::test_all_pages_return_success - assert 'SharipovAI OS' in "<html><head><meta name='viewport' content='width=device-width,initial-scale=1'><link rel='stylesheet' href='/static/s...</td><td>подтвердил: реальные ордера запрещены без ручного разрешения</td></tr></table></section></main></body></html>"
 +  where "<html><head><meta name='viewport' content='width=device-width,initial-scale=1'><link rel='stylesheet' href='/static/s...</td><td>подтвердил: реальные ордера запрещены без ручного разрешения</td></tr></table></section></main></body></html>" = <Response [200 OK]>.text
FAILED dashboard/tests/test_dashboard.py::test_overview_page_renders_rebuilt_live_interface - assert 'Команда для ИИ' in '<!doctype html>\n<html lang="ru">\n<head>\n  <meta charset="utf-8">\n  <meta name="viewport" content="width=device-wi.../script>\n  <script src="/static/mini-app-mobile-fixes.js?v=20260710-modal-close-01" defer></script>\n</body>\n</html>'
 +  where '<!doctype html>\n<html lang="ru">\n<head>\n  <meta charset="utf-8">\n  <meta name="viewport" content="width=device-wi.../script>\n  <script src="/static/mini-app-mobile-fixes.js?v=20260710-modal-close-01" defer></script>\n</body>\n</html>' = <Response [200 OK]>.text
FAILED dashboard/tests/test_dashboard.py::test_overview_page_displays_runner_values - assert 'BUY BITCOIN' in '<!doctype html>\n<html lang="en">\n<head>\n  <meta charset="utf-8">\n  <meta name="viewport" content="width=device-wi.../script>\n  <script src="/static/mini-app-mobile-fixes.js?v=20260710-modal-close-01" defer></script>\n</body>\n</html>'
 +  where '<!doctype html>\n<html lang="en">\n<head>\n  <meta charset="utf-8">\n  <meta name="viewport" content="width=device-wi.../script>\n  <script src="/static/mini-app-mobile-fixes.js?v=20260710-modal-close-01" defer></script>\n</body>\n</html>' = <Response [200 OK]>.text
FAILED dashboard/tests/test_dashboard.py::test_health_endpoints_work - AssertionError: assert {'status': 'o...e_seconds': 2} == {'status': 'ok'}
  
  Omitting 1 identical items, use -vv to show
  Left contains 2 more items:
  {'started_at': '2026-07-10T10:29:28+00:00', 'uptime_seconds': 2}
  
  Full diff:
    {
        'status': 'ok',
  +     'started_at': '2026-07-10T10:29:28+00:00',
  +     'uptime_seconds': 2,
    }
FAILED dashboard/tests/test_dashboard.py::test_crash_test_endpoints_work - assert 25.0 == 50.0
FAILED dashboard/tests/test_dashboard.py::test_stress_lab_page_returns_success_and_matches_rebuilt_template - assert 'STRESS LAB' in '<!doctype html>\n<html lang="en">\n<head>\n  <meta charset="utf-8">\n  <meta name="viewport" content="width=device-wi.../script>\n  <script src="/static/mini-app-mobile-fixes.js?v=20260710-modal-close-01" defer></script>\n</body>\n</html>'
 +  where '<!doctype html>\n<html lang="en">\n<head>\n  <meta charset="utf-8">\n  <meta name="viewport" content="width=device-wi.../script>\n  <script src="/static/mini-app-mobile-fixes.js?v=20260710-modal-close-01" defer></script>\n</body>\n</html>' = <Response [200 OK]>.text
FAILED dashboard/tests/test_dashboard.py::test_stress_lab_scenario_list_api_works - AssertionError: assert {'id': 'btc_drop_20', 'label': 'BTC price drop 20%'} in [{'id': 'btc_drop_10', 'label': 'BTC -10%'}, {'id': 'btc_drop_20', 'label': 'BTC -20%'}, {'id': 'market_crash_50', 'label': 'Market -50%'}, {'id': 'news_panic', 'label': 'News Panic'}]
FAILED dashboard/tests/test_dashboard.py::test_stress_lab_btc_drop_20_scenario_works - KeyError: 'parameters'
FAILED dashboard/tests/test_dashboard.py::test_stress_lab_market_crash_50_scenario_works - KeyError: 'parameters'
FAILED dashboard/tests/test_dashboard.py::test_stress_lab_virtual_capital_loss_scenario_works - KeyError: 'parameters'
FAILED dashboard/tests/test_dashboard.py::test_stress_lab_critical_drawdown_triggers_protection - AssertionError: assert 'warning' == 'capital protection triggered'
  
  - capital protection triggered
  + warning
FAILED dashboard/tests/test_dashboard.py::test_ai_improvement_page_and_api_work - assert 'AI Improvement' in '<!doctype html>\n<html lang="en">\n<head>\n  <meta charset="utf-8">\n  <meta name="viewport" content="width=device-wi.../script>\n  <script src="/static/mini-app-mobile-fixes.js?v=20260710-modal-close-01" defer></script>\n</body>\n</html>'
 +  where '<!doctype html>\n<html lang="en">\n<head>\n  <meta charset="utf-8">\n  <meta name="viewport" content="width=device-wi.../script>\n  <script src="/static/mini-app-mobile-fixes.js?v=20260710-modal-close-01" defer></script>\n</body>\n</html>' = <Response [200 OK]>.text
FAILED dashboard/tests/test_dashboard.py::test_ai_improvement_russian_label_works - assert 'Улучшение AI' in '<!doctype html>\n<html lang="ru">\n<head>\n  <meta charset="utf-8">\n  <meta name="viewport" content="width=device-wi.../script>\n  <script src="/static/mini-app-mobile-fixes.js?v=20260710-modal-close-01" defer></script>\n</body>\n</html>'
 +  where '<!doctype html>\n<html lang="ru">\n<head>\n  <meta charset="utf-8">\n  <meta name="viewport" content="width=device-wi.../script>\n  <script src="/static/mini-app-mobile-fixes.js?v=20260710-modal-close-01" defer></script>\n</body>\n</html>' = <Response [200 OK]>.text
FAILED dashboard/tests/test_dashboard.py::test_russian_translation_is_complete_for_core_labels - assert 'Самандар, добро пожаловать.' in '<!doctype html>\n<html lang="ru">\n<head>\n  <meta charset="utf-8">\n  <meta name="viewport" content="width=device-wi.../script>\n  <script src="/static/mini-app-mobile-fixes.js?v=20260710-modal-close-01" defer></script>\n</body>\n</html>'
 +  where '<!doctype html>\n<html lang="ru">\n<head>\n  <meta charset="utf-8">\n  <meta name="viewport" content="width=device-wi.../script>\n  <script src="/static/mini-app-mobile-fixes.js?v=20260710-modal-close-01" defer></script>\n</body>\n</html>' = <Response [200 OK]>.text
FAILED dashboard/tests/test_dashboard.py::test_english_translation_appears - assert 'BUY BITCOIN' in '<!doctype html>\n<html lang="en">\n<head>\n  <meta charset="utf-8">\n  <meta name="viewport" content="width=device-wi.../script>\n  <script src="/static/mini-app-mobile-fixes.js?v=20260710-modal-close-01" defer></script>\n</body>\n</html>'
 +  where '<!doctype html>\n<html lang="en">\n<head>\n  <meta charset="utf-8">\n  <meta name="viewport" content="width=device-wi.../script>\n  <script src="/static/mini-app-mobile-fixes.js?v=20260710-modal-close-01" defer></script>\n</body>\n</html>' = <Response [200 OK]>.text
FAILED dashboard/tests/test_dashboard.py::test_uzbek_translation_appears - assert 'BITCOIN SOTIB OLISH' in '<!doctype html>\n<html lang="uz">\n<head>\n  <meta charset="utf-8">\n  <meta name="viewport" content="width=device-wi.../script>\n  <script src="/static/mini-app-mobile-fixes.js?v=20260710-modal-close-01" defer></script>\n</body>\n</html>'
 +  where '<!doctype html>\n<html lang="uz">\n<head>\n  <meta charset="utf-8">\n  <meta name="viewport" content="width=device-wi.../script>\n  <script src="/static/mini-app-mobile-fixes.js?v=20260710-modal-close-01" defer></script>\n</body>\n</html>' = <Response [200 OK]>.text
FAILED dashboard/tests/test_dashboard.py::test_runner_failure_does_not_crash_overview_page - assert 'НЕТ РЕШЕНИЯ' in '<!doctype html>\n<html lang="ru">\n<head>\n  <meta charset="utf-8">\n  <meta name="viewport" content="width=device-wi.../script>\n  <script src="/static/mini-app-mobile-fixes.js?v=20260710-modal-close-01" defer></script>\n</body>\n</html>'
 +  where '<!doctype html>\n<html lang="ru">\n<head>\n  <meta charset="utf-8">\n  <meta name="viewport" content="width=device-wi.../script>\n  <script src="/static/mini-app-mobile-fixes.js?v=20260710-modal-close-01" defer></script>\n</body>\n</html>' = <Response [200 OK]>.text
FAILED dashboard/tests/test_dashboard.py::test_settings_page_renders_rebuilt_control_sections - assert 'Виртуальный кошелек' in '<!doctype html>\n<html lang="ru">\n<head>\n  <meta charset="utf-8">\n  <meta name="viewport" content="width=device-wi.../script>\n  <script src="/static/mini-app-mobile-fixes.js?v=20260710-modal-close-01" defer></script>\n</body>\n</html>'
 +  where '<!doctype html>\n<html lang="ru">\n<head>\n  <meta charset="utf-8">\n  <meta name="viewport" content="width=device-wi.../script>\n  <script src="/static/mini-app-mobile-fixes.js?v=20260710-modal-close-01" defer></script>\n</body>\n</html>' = <Response [200 OK]>.text
FAILED dashboard/tests/test_dashboard.py::test_self_analysis_page_renders_recommendations_section - assert 'Самоанализ ошибок' in '<!doctype html>\n<html lang="ru">\n<head>\n  <meta charset="utf-8">\n  <meta name="viewport" content="width=device-wi.../script>\n  <script src="/static/mini-app-mobile-fixes.js?v=20260710-modal-close-01" defer></script>\n</body>\n</html>'
 +  where '<!doctype html>\n<html lang="ru">\n<head>\n  <meta charset="utf-8">\n  <meta name="viewport" content="width=device-wi.../script>\n  <script src="/static/mini-app-mobile-fixes.js?v=20260710-modal-close-01" defer></script>\n</body>\n</html>' = <Response [200 OK]>.text
FAILED dashboard/tests/test_dashboard.py::test_each_content_page_is_not_empty - assert 'Раздел активен' in '<!doctype html>\n<html lang="ru">\n<head>\n  <meta charset="utf-8">\n  <meta name="viewport" content="width=device-wi.../script>\n  <script src="/static/mini-app-mobile-fixes.js?v=20260710-modal-close-01" defer></script>\n</body>\n</html>'
 +  where '<!doctype html>\n<html lang="ru">\n<head>\n  <meta charset="utf-8">\n  <meta name="viewport" content="width=device-wi.../script>\n  <script src="/static/mini-app-mobile-fixes.js?v=20260710-modal-close-01" defer></script>\n</body>\n</html>' = <Response [200 OK]>.text
FAILED dashboard/tests/test_dashboard.py::test_ai_control_center_uses_rebuilt_settings_panel - assert 'AI Control Center' in "<html><head><meta name='viewport' content='width=device-width,initial-scale=1'><link rel='stylesheet' href='/static/s...</td><td>подтвердил: реальные ордера запрещены без ручного разрешения</td></tr></table></section></main></body></html>"
 +  where "<html><head><meta name='viewport' content='width=device-width,initial-scale=1'><link rel='stylesheet' href='/static/s...</td><td>подтвердил: реальные ордера запрещены без ручного разрешения</td></tr></table></section></main></body></html>" = <Response [200 OK]>.text
FAILED dashboard/tests/test_dashboard.py::test_crash_test_panel_was_replaced_by_stress_lab_link - assert 'Стресс-тест' in '<!doctype html>\n<html lang="ru">\n<head>\n  <meta charset="utf-8">\n  <meta name="viewport" content="width=device-wi.../script>\n  <script src="/static/mini-app-mobile-fixes.js?v=20260710-modal-close-01" defer></script>\n</body>\n</html>'
 +  where '<!doctype html>\n<html lang="ru">\n<head>\n  <meta charset="utf-8">\n  <meta name="viewport" content="width=device-wi.../script>\n  <script src="/static/mini-app-mobile-fixes.js?v=20260710-modal-close-01" defer></script>\n</body>\n</html>' = <Response [200 OK]>.text
FAILED dashboard/tests/test_demo_api.py::test_demo_state_is_funded_by_default - assert 10051.63 == 10000.0
FAILED dashboard/tests/test_demo_api.py::test_demo_chat_can_find_bybit_best_conditions - AssertionError: assert 'Bybit cost intelligence' in 'Exchange Cost AI проверил комиссии. Лучший demo-вариант: spot / maker, round-trip fee 2.0. Комиссионная нагрузка: 13.67. Break-even price: 67295.4. Сделка выгодна только если движение перекрывает комиссии, spread и slippage.'
FAILED dashboard/tests/test_demo_api.py::test_demo_chat_returns_json_when_engine_fails - AssertionError: assert 'ok' == 'error'
  
  - error
  + ok
FAILED dashboard/tests/test_demo_api.py::test_demo_chat_can_buy_virtual_btc_with_exchange_preview_fee - assert 'купил' in "я не отвечаю сам от себя: я спрашиваю нужных ai-ботов. сейчас trade gate говорит: block. новости: средняя достовернос...проси: 'что сегодня произошло?', 'почему рисковано?', 'можно покупать?', 'какие ии не работают?', 'чему ты научился?'."
 +  where "я не отвечаю сам от себя: я спрашиваю нужных ai-ботов. сейчас trade gate говорит: block. новости: средняя достовернос...проси: 'что сегодня произошло?', 'почему рисковано?', 'можно покупать?', 'какие ии не работают?', 'чему ты научился?'." = <built-in method lower of str object at 0x557ed675f130>()
 +    where <built-in method lower of str object at 0x557ed675f130> = "Я не отвечаю сам от себя: я спрашиваю нужных AI-ботов. Сейчас Trade Gate говорит: BLOCK. Новости: средняя достовернос...проси: 'что сегодня произошло?', 'почему рисковано?', 'можно покупать?', 'какие ИИ не работают?', 'чему ты научился?'.".lower
FAILED dashboard/tests/test_demo_api.py::test_demo_chat_can_sell_virtual_position_after_commissions - KeyError: 'open_positions'
FAILED dashboard/tests/test_demo_api.py::test_demo_chat_online_monitoring - assert 'Онлайн-мониторинг' in "Я не отвечаю сам от себя: я спрашиваю нужных AI-ботов. Сейчас Trade Gate говорит: BLOCK. Новости: средняя достовернос...проси: 'что сегодня произошло?', 'почему рисковано?', 'можно покупать?', 'какие ИИ не работают?', 'чему ты научился?'."
FAILED dashboard/tests/test_evidence_recorder_middleware.py::test_trade_gate_response_is_recorded_in_evidence_vault - assert 404 == 200
 +  where 404 = <Response [404 Not Found]>.status_code
FAILED dashboard/tests/test_mini_app_sections.py::test_mini_app_has_exchange_commission_monitor - assert 'Песочница' in '<!doctype html>\n<html lang="ru">\n<head>\n  <meta charset="utf-8">\n  <meta name="viewport" content="width=device-wi.../script>\n  <script src="/static/mini-app-mobile-fixes.js?v=20260710-modal-close-01" defer></script>\n</body>\n</html>'
FAILED dashboard/tests/test_mini_app_sections.py::test_mini_app_live_js_loads_ai_bots_demo_state_and_exchange_monitor - AssertionError: assert 'renderExchangeMonitor' in '(() => {\n  const $ = (selector) => document.querySelector(selector);\n  const $$ = (selector) => Array.from(document...loadBots, 30000);\n    setInterval(refreshNews, 120000);\n    setInterval(refreshFreshnessLabels, 1000);\n  });\n})();'
FAILED dashboard/tests/test_password_change_flow.py::test_user_can_change_temporary_password - IndexError: list index out of range
FAILED dashboard/tests/test_security_approval_flow.py::test_admin_can_approve_access_request_and_created_user_can_login - assert 400 == 202
 +  where 400 = <Response [400 Bad Request]>.status_code
FAILED dashboard/tests/test_social_news_api.py::test_social_news_api_returns_seeded_state - assert 10 >= 50
FAILED dashboard/tests/test_social_news_api.py::test_social_news_rss_refresh_api - KeyError: 'items'
FAILED dashboard/tests/test_social_news_api.py::test_social_news_telegram_status_when_not_configured - assert 'api_hash' not in "{'status': ...олностью.'}}"
  
  'api_hash' is contained here:
    'telegram_api_hash', 'telegram_session_string', 'telegram_news_sources'], 'message': 'telegram client ещё не настроен полностью.'}}
  ?           ++++++++
FAILED dashboard/tests/test_telegram_bot.py::test_main_keyboard_without_webapp_url - AssertionError: assert 'now' == 'overview'
  
  - overview
  + now
FAILED dashboard/tests/test_telegram_bot.py::test_main_keyboard_with_webapp_url - KeyError: 'web_app'
FAILED dashboard/tests/test_telegram_bot.py::test_handle_start_message_sends_welcome - AssertionError: assert 'Добро пожаловать в SharipovAI' in '👋 <b>SharipovAI Telegram запущен</b>\n\nРежим: <b>paper-realism</b>. Это безопасная среда для Самандара, но AI обязан.../status — статус Telegram\n\nКонституция: никаких фейковых журналов, скрытия ошибок и отношения «это всего лишь демо».'
FAILED dashboard/tests/test_telegram_bot.py::test_bot_ai_reply_answers_portfolio_directly - AttributeError: module 'telegram_bot' has no attribute 'bot_ai_reply'
FAILED dashboard/tests/test_telegram_bot.py::test_handle_plain_message_uses_ai_reply - AssertionError: assert 'Риск сейчас' in '<b>Risk Engine AI + Trade Gate</b>\n\nRisk Engine и Trade Gate проверили ситуацию.\nНЕТ. Реальную сделку и виртуальны...ne. Разрешён только virtual-watch режим.\n\n<i>Paper-realism: ответ оценивается как тренировка реального капитала.</i>'
=========== 55 failed, 189 passed, 571 warnings in 98.33s (0:01:38) ============
